This is pdfTeX, Version 3.1415926-1.40.10 (TeX Live 2009/Debian) (format=pdflatex 2011.6.11)  8 SEP 2011 18:16
entering extended mode
 %&-line parsing enabled.
**main
(./main.tex
LaTeX2e <2009/09/24>
Babel <v3.8l> and hyphenation patterns for english, usenglishmax, dumylang, noh
yphenation, loaded.
(/usr/share/texmf-texlive/tex/latex/base/article.cls
Document Class: article 2007/10/19 v1.4h Standard LaTeX document class
(/usr/share/texmf-texlive/tex/latex/base/size10.clo
File: size10.clo 2007/10/19 v1.4h Standard LaTeX file (size option)
)
\c@part=\count79
\c@section=\count80
\c@subsection=\count81
\c@subsubsection=\count82
\c@paragraph=\count83
\c@subparagraph=\count84
\c@figure=\count85
\c@table=\count86
\abovecaptionskip=\skip41
\belowcaptionskip=\skip42
\bibindent=\dimen102
) (./nips10submit_e.sty
(/usr/share/texmf-texlive/tex/latex/eso-pic/eso-pic.sty
Package: eso-pic 2006/07/14 v1.1d eso-pic (RN)

(/usr/share/texmf-texlive/tex/latex/ms/everyshi.sty
Package: everyshi 2001/05/15 v3.00 EveryShipout Package (MS)
)
(/usr/share/texmf-texlive/tex/latex/graphics/keyval.sty
Package: keyval 1999/03/16 v1.13 key=value parser (DPC)
\KV@toks@=\toks14
))
\nipsrulerbox=\box26
\nipsrulercount=\count87
\nipsruleroffset=\dimen103
\cv@lineheight=\dimen104
\cv@boxheight=\dimen105
\cv@tmpbox=\box27
\cv@refno=\count88
\cv@tot=\count89
\cv@tmpc@=\count90
\cv@tmpc=\count91
)
(/usr/share/texmf-texlive/tex/latex/psnfss/times.sty
Package: times 2005/04/12 PSNFSS-v9.2a (SPQR) 
)
(/usr/share/texmf-texlive/tex/latex/natbib/natbib.sty
Package: natbib 2009/07/16 8.31 (PWD, AO)
\bibhang=\skip43
\bibsep=\skip44
LaTeX Info: Redefining \cite on input line 694.
\c@NAT@ctr=\count92
)
(/usr/share/texmf-texlive/tex/latex/amsmath/amsmath.sty
Package: amsmath 2000/07/18 v2.13 AMS math features
\@mathmargin=\skip45

For additional information on amsmath, use the `?' option.
(/usr/share/texmf-texlive/tex/latex/amsmath/amstext.sty
Package: amstext 2000/06/29 v2.01

(/usr/share/texmf-texlive/tex/latex/amsmath/amsgen.sty
File: amsgen.sty 1999/11/30 v2.0
\@emptytoks=\toks15
\ex@=\dimen106
))
(/usr/share/texmf-texlive/tex/latex/amsmath/amsbsy.sty
Package: amsbsy 1999/11/29 v1.2d
\pmbraise@=\dimen107
)
(/usr/share/texmf-texlive/tex/latex/amsmath/amsopn.sty
Package: amsopn 1999/12/14 v2.01 operator names
)
\inf@bad=\count93
LaTeX Info: Redefining \frac on input line 211.
\uproot@=\count94
\leftroot@=\count95
LaTeX Info: Redefining \overline on input line 307.
\classnum@=\count96
\DOTSCASE@=\count97
LaTeX Info: Redefining \ldots on input line 379.
LaTeX Info: Redefining \dots on input line 382.
LaTeX Info: Redefining \cdots on input line 467.
\Mathstrutbox@=\box28
\strutbox@=\box29
\big@size=\dimen108
LaTeX Font Info:    Redeclaring font encoding OML on input line 567.
LaTeX Font Info:    Redeclaring font encoding OMS on input line 568.
\macc@depth=\count98
\c@MaxMatrixCols=\count99
\dotsspace@=\muskip10
\c@parentequation=\count100
\dspbrk@lvl=\count101
\tag@help=\toks16
\row@=\count102
\column@=\count103
\maxfields@=\count104
\andhelp@=\toks17
\eqnshift@=\dimen109
\alignsep@=\dimen110
\tagshift@=\dimen111
\tagwidth@=\dimen112
\totwidth@=\dimen113
\lineht@=\dimen114
\@envbody=\toks18
\multlinegap=\skip46
\multlinetaggap=\skip47
\mathdisplay@stack=\toks19
LaTeX Info: Redefining \[ on input line 2666.
LaTeX Info: Redefining \] on input line 2667.
)
(/usr/share/texmf-texlive/tex/latex/graphics/epsfig.sty
Package: epsfig 1999/02/16 v1.7a (e)psfig emulation (SPQR)

(/usr/share/texmf-texlive/tex/latex/graphics/graphicx.sty
Package: graphicx 1999/02/16 v1.0f Enhanced LaTeX Graphics (DPC,SPQR)

(/usr/share/texmf-texlive/tex/latex/graphics/graphics.sty
Package: graphics 2009/02/05 v1.0o Standard LaTeX Graphics (DPC,SPQR)

(/usr/share/texmf-texlive/tex/latex/graphics/trig.sty
Package: trig 1999/03/16 v1.09 sin cos tan (DPC)
)
(/etc/texmf/tex/latex/config/graphics.cfg
File: graphics.cfg 2009/08/28 v1.8 graphics configuration of TeX Live
)
Package graphics Info: Driver file: pdftex.def on input line 91.

(/usr/share/texmf-texlive/tex/latex/pdftex-def/pdftex.def
File: pdftex.def 2010/03/12 v0.04p Graphics/color for pdfTeX
\Gread@gobject=\count105
))
\Gin@req@height=\dimen115
\Gin@req@width=\dimen116
)
\epsfxsize=\dimen117
\epsfysize=\dimen118
)
(/usr/share/texmf-texlive/tex/latex/amsfonts/amsfonts.sty
Package: amsfonts 2009/06/22 v3.00 Basic AMSFonts support
\symAMSa=\mathgroup4
\symAMSb=\mathgroup5
LaTeX Font Info:    Overwriting math alphabet `\mathfrak' in version `bold'
(Font)                  U/euf/m/n --> U/euf/b/n on input line 96.
) (./subfigure.sty
Package: subfigure 2002/07/30 v2.1.4 subfigure package
\subfigtopskip=\skip48
\subfigcapskip=\skip49
\subfigcaptopadj=\dimen119
\subfigbottomskip=\skip50
\subfigcapmargin=\dimen120
\subfiglabelskip=\skip51
\c@subfigure=\count106
\c@lofdepth=\count107
\c@subtable=\count108
\c@lotdepth=\count109

****************************************
* Local config file subfigure.cfg used *
****************************************
(/usr/share/texmf-texlive/tex/latex/subfigure/subfigure.cfg)
\subfig@top=\skip52
\subfig@bottom=\skip53
)
(/usr/share/texmf-texlive/tex/latex/algorithms/algorithm.sty
Package: algorithm 2009/08/24 v0.1 Document Style `algorithm' - floating enviro
nment

(/usr/share/texmf-texlive/tex/latex/float/float.sty
Package: float 2001/11/08 v1.3d Float enhancements (AL)
\c@float@type=\count110
\float@exts=\toks20
\float@box=\box30
\@float@everytoks=\toks21
\@floatcapt=\box31
)
(/usr/share/texmf-texlive/tex/latex/base/ifthen.sty
Package: ifthen 2001/05/26 v1.1c Standard LaTeX ifthen package (DPC)
)
\@float@every@algorithm=\toks22
\c@algorithm=\count111
)
(/usr/share/texmf-texlive/tex/latex/algorithms/algorithmic.sty
Package: algorithmic 2009/08/24 v0.1 Document Style `algorithmic'
\c@ALC@unique=\count112
\c@ALC@line=\count113
\c@ALC@rem=\count114
\c@ALC@depth=\count115
\ALC@tlm=\skip54
\algorithmicindent=\skip55
) (./easybmat.sty
Document Style `easybmat' v1.0 <2001/06/13>.
(./easy.sty
Document Style `easy' v1.1 <2001/05/31>.
Package: easy 2001/05/31 v1.1
\@easy@level=\count116
\@easy@ncol=\count117
\@easy@nrow=\count118
\@easy@cnt=\count119
\@easy@boxviii=\box32
\@easy@minxviii=\dimen121
\@easy@minyviii=\dimen122
\@easy@maxxviii=\dimen123
\@easy@maxyviii=\dimen124
\@easy@boxvii=\box33
\@easy@minxvii=\dimen125
\@easy@minyvii=\dimen126
\@easy@maxxvii=\dimen127
\@easy@maxyvii=\dimen128
\@easy@boxvi=\box34
\@easy@minxvi=\dimen129
\@easy@minyvi=\dimen130
\@easy@maxxvi=\dimen131
\@easy@maxyvi=\dimen132
\@easy@boxv=\box35
\@easy@minxv=\dimen133
\@easy@minyv=\dimen134
\@easy@maxxv=\dimen135
\@easy@maxyv=\dimen136
\@easy@boxiv=\box36
\@easy@minxiv=\dimen137
\@easy@minyiv=\dimen138
\@easy@maxxiv=\dimen139
\@easy@maxyiv=\dimen140
\@easy@boxiii=\box37
\@easy@minxiii=\dimen141
\@easy@minyiii=\dimen142
\@easy@maxxiii=\dimen143
\@easy@maxyiii=\dimen144
\@easy@boxii=\box38
\@easy@minxii=\dimen145
\@easy@minyii=\dimen146
\@easy@maxxii=\dimen147
\@easy@maxyii=\dimen148
\@easy@boxi=\box39
\@easy@minxi=\dimen149
\@easy@minyi=\dimen150
\@easy@maxxi=\dimen151
\@easy@maxyi=\dimen152
\@easy@hsizexxx=\dimen153
\@easy@vsizexxx=\dimen154
\@easy@hsizexxix=\dimen155
\@easy@vsizexxix=\dimen156
\@easy@hsizexxviii=\dimen157
\@easy@vsizexxviii=\dimen158
\@easy@hsizexxvii=\dimen159
\@easy@vsizexxvii=\dimen160
\@easy@hsizexxvi=\dimen161
\@easy@vsizexxvi=\dimen162
\@easy@hsizexxv=\dimen163
\@easy@vsizexxv=\dimen164
\@easy@hsizexxiv=\dimen165
\@easy@vsizexxiv=\dimen166
\@easy@hsizexxiii=\dimen167
\@easy@vsizexxiii=\dimen168
\@easy@hsizexxii=\dimen169
\@easy@vsizexxii=\dimen170
\@easy@hsizexxi=\dimen171
\@easy@vsizexxi=\dimen172
\@easy@hsizexx=\dimen173
\@easy@vsizexx=\dimen174
\@easy@hsizexix=\dimen175
\@easy@vsizexix=\dimen176
\@easy@hsizexviii=\dimen177
\@easy@vsizexviii=\dimen178
\@easy@hsizexvii=\dimen179
\@easy@vsizexvii=\dimen180
\@easy@hsizexvi=\dimen181
\@easy@vsizexvi=\dimen182
\@easy@hsizexv=\dimen183
\@easy@vsizexv=\dimen184
\@easy@hsizexiv=\dimen185
\@easy@vsizexiv=\dimen186
\@easy@hsizexiii=\dimen187
\@easy@vsizexiii=\dimen188
\@easy@hsizexii=\dimen189
\@easy@vsizexii=\dimen190
\@easy@hsizexi=\dimen191
\@easy@vsizexi=\dimen192
\@easy@hsizex=\dimen193
\@easy@vsizex=\dimen194
\@easy@hsizeix=\dimen195
\@easy@vsizeix=\dimen196
\@easy@hsizeviii=\dimen197
\@easy@vsizeviii=\dimen198
\@easy@hsizevii=\dimen199
\@easy@vsizevii=\dimen200
\@easy@hsizevi=\dimen201
\@easy@vsizevi=\dimen202
\@easy@hsizev=\dimen203
\@easy@vsizev=\dimen204
\@easy@hsizeiv=\dimen205
\@easy@vsizeiv=\dimen206
\@easy@hsizeiii=\dimen207
\@easy@vsizeiii=\dimen208
\@easy@hsizeii=\dimen209
\@easy@vsizeii=\dimen210
\@easy@hsizei=\dimen211
\@easy@vsizei=\dimen212
\@easy@dash@len=\dimen213
\@easy@dash@sep=\dimen214
)
Package: easybmat 2001/05/31 v1.1
\@bmat@size@rule=\dimen215
\@bmat@size@dash=\dimen216
) (/usr/share/texmf-texlive/tex/latex/footmisc/footmisc.sty
Package: footmisc 2009/09/15 v5.5a a miscellany of footnote facilities
\FN@temptoken=\toks23
\footnotemargin=\dimen217
\c@pp@next@reset=\count120
Package footmisc Info: Declaring symbol style bringhurst on input line 855.
Package footmisc Info: Declaring symbol style chicago on input line 863.
Package footmisc Info: Declaring symbol style wiley on input line 872.
Package footmisc Info: Declaring symbol style lamport-robust on input line 883.

Package footmisc Info: Declaring symbol style lamport* on input line 903.
Package footmisc Info: Declaring symbol style lamport*-robust on input line 924
.
)
(/usr/share/texmf-texlive/tex/latex/graphics/lscape.sty
Package: lscape 2000/10/22 v3.01 Landscape Pages (DPC)
) (./main.aux)
\openout1 = `main.aux'.

LaTeX Font Info:    Checking defaults for OML/cmm/m/it on input line 51.
LaTeX Font Info:    ... okay on input line 51.
LaTeX Font Info:    Checking defaults for T1/cmr/m/n on input line 51.
LaTeX Font Info:    ... okay on input line 51.
LaTeX Font Info:    Checking defaults for OT1/cmr/m/n on input line 51.
LaTeX Font Info:    ... okay on input line 51.
LaTeX Font Info:    Checking defaults for OMS/cmsy/m/n on input line 51.
LaTeX Font Info:    ... okay on input line 51.
LaTeX Font Info:    Checking defaults for OMX/cmex/m/n on input line 51.
LaTeX Font Info:    ... okay on input line 51.
LaTeX Font Info:    Checking defaults for U/cmr/m/n on input line 51.
LaTeX Font Info:    ... okay on input line 51.
LaTeX Font Info:    Try loading font information for OT1+ptm on input line 51.

(/usr/share/texmf-texlive/tex/latex/psnfss/ot1ptm.fd
File: ot1ptm.fd 2001/06/04 font definitions for OT1/ptm.
)
ABD: EveryShipout initializing macros
(/usr/share/texmf-texlive/tex/latex/graphics/color.sty
Package: color 2005/11/14 v1.0j Standard LaTeX Color (DPC)

(/etc/texmf/tex/latex/config/color.cfg
File: color.cfg 2007/01/18 v1.5 color configuration of teTeX/TeXLive
)
Package color Info: Driver file: pdftex.def on input line 130.
)
(/usr/share/texmf-texlive/tex/context/base/supp-pdf.mkii
[Loading MPS to PDF converter (version 2006.09.02).]
\scratchcounter=\count121
\scratchdimen=\dimen218
\scratchbox=\box40
\nofMPsegments=\count122
\nofMParguments=\count123
\everyMPshowfont=\toks24
\MPscratchCnt=\count124
\MPscratchDim=\dimen219
\MPnumerator=\count125
\everyMPtoPDFconversion=\toks25
)
LaTeX Font Info:    Font shape `OT1/ptm/bx/n' in size <17.28> not available
(Font)              Font shape `OT1/ptm/b/n' tried instead on input line 53.
LaTeX Font Info:    Try loading font information for U+msa on input line 53.
 (/usr/share/texmf-texlive/tex/latex/amsfonts/umsa.fd
File: umsa.fd 2009/06/22 v3.00 AMS symbols A
)
LaTeX Font Info:    Try loading font information for U+msb on input line 53.

(/usr/share/texmf-texlive/tex/latex/amsfonts/umsb.fd
File: umsb.fd 2009/06/22 v3.00 AMS symbols B
)
LaTeX Font Info:    Font shape `OT1/ptm/bx/n' in size <10> not available
(Font)              Font shape `OT1/ptm/b/n' tried instead on input line 53.
LaTeX Font Info:    Try loading font information for OT1+pcr on input line 53.

(/usr/share/texmf-texlive/tex/latex/psnfss/ot1pcr.fd
File: ot1pcr.fd 2001/06/04 font definitions for OT1/pcr.
)
LaTeX Font Info:    Try loading font information for OMS+pcr on input line 53.

(/usr/share/texmf-texlive/tex/latex/psnfss/omspcr.fd
File: omspcr.fd 
)
LaTeX Font Info:    Font shape `OMS/pcr/m/n' in size <10> not available
(Font)              Font shape `OMS/cmsy/m/n' tried instead on input line 53.
 (./abstract.tex
<Graphical_Model-final.pdf, id=1, 819.06pt x 457.71pt>
File: Graphical_Model-final.pdf Graphic file (type pdf)

<use Graphical_Model-final.pdf>
Underfull \vbox (badness 10000) has occurred while \output is active []

 [1

{/var/lib/texmf/fonts/map/pdftex/updmap/pdftex.map}]
<figs/clin_pred_varying_mu.pdf, id=21, 587.19376pt x 442.65375pt>
File: figs/clin_pred_varying_mu.pdf Graphic file (type pdf)

<use figs/clin_pred_varying_mu.pdf>
<figs/amazon_pred_varying_mu.pdf, id=22, 587.19376pt x 442.65375pt>
File: figs/amazon_pred_varying_mu.pdf Graphic file (type pdf)

<use figs/amazon_pred_varying_mu.pdf>
<figs/ROC_comparison_leafs.pdf, id=23, 578.16pt x 433.62pt>
File: figs/ROC_comparison_leafs.pdf Graphic file (type pdf)

<use figs/ROC_comparison_leafs.pdf>) (./main.bbl
LaTeX Font Info:    Font shape `OT1/ptm/bx/n' in size <12> not available
(Font)              Font shape `OT1/ptm/b/n' tried instead on input line 1.

Underfull \vbox (badness 5893) has occurred while \output is active []

 [2 <./Graphical_Model-final.pdf> <./figs/clin_pred_varying_mu.pdf> <./figs/ama
zon_pred_varying_mu.pdf> <./figs/ROC_comparison_leafs.pdf>]) [3] (./main.aux) )
 
Here is how much of TeX's memory you used:
 3027 strings out of 495061
 38581 string characters out of 1182621
 99113 words of memory out of 3000000
 6131 multiletter control sequences out of 15000+50000
 20423 words of font info for 50 fonts, out of 3000000 for 9000
 28 hyphenation exceptions out of 8191
 32i,8n,28p,1012b,291s stack positions out of 5000i,500n,10000p,200000b,50000s
{/usr/share/texmf-texlive/fonts/enc/dvips/base/8r.enc}</usr/share/texmf-texlive
/fonts/type1/public/amsfonts/cm/cmbx10.pfb></usr/share/texmf-texlive/fonts/type
1/public/amsfonts/cm/cmex10.pfb></usr/share/texmf-texlive/fonts/type1/public/am
sfonts/cm/cmmi10.pfb></usr/share/texmf-texlive/fonts/type1/public/amsfonts/cm/c
mmi5.pfb></usr/share/texmf-texlive/fonts/type1/public/amsfonts/cm/cmmi7.pfb></u
sr/share/texmf-texlive/fonts/type1/public/amsfonts/cm/cmmib10.pfb></usr/share/t
exmf-texlive/fonts/type1/public/amsfonts/cm/cmr10.pfb></usr/share/texmf-texlive
/fonts/type1/public/amsfonts/cm/cmr7.pfb></usr/share/texmf-texlive/fonts/type1/
public/amsfonts/cm/cmsy10.pfb></usr/share/texmf-texlive/fonts/type1/public/amsf
onts/cm/cmsy7.pfb></usr/share/texmf-texlive/fonts/type1/public/amsfonts/symbols
/msbm10.pfb></usr/share/texmf-texlive/fonts/type1/urw/courier/ucrr8a.pfb></usr/
share/texmf-texlive/fonts/type1/urw/times/utmb8a.pfb></usr/share/texmf-texlive/
fonts/type1/urw/times/utmr8a.pfb></usr/share/texmf-texlive/fonts/type1/urw/time
s/utmri8a.pfb>
Output written on main.pdf (3 pages, 229703 bytes).
PDF statistics:
 154 PDF objects out of 1000 (max. 8388607)
 0 named destinations out of 1000 (max. 500000)
 21 words of extra memory for PDF output out of 10000 (max. 10000000)

