This is pdfTeX, Version 3.1415926-2.4-1.40.13 (TeX Live 2012) (format=pdflatex 2012.6.30)  16 NOV 2012 11:58
entering extended mode
 restricted \write18 enabled.
 file:line:error style messages enabled.
 %&-line parsing enabled.
**Krantz_style.tex
(./Krantz_style.tex
LaTeX2e <2011/06/27>
Babel <v3.8m> and hyphenation patterns for english, dumylang, nohyphenation, ge
rman-x-2012-05-30, ngerman-x-2012-05-30, afrikaans, ancientgreek, ibycus, arabi
c, armenian, basque, bulgarian, catalan, pinyin, coptic, croatian, czech, danis
h, dutch, ukenglish, usenglishmax, esperanto, estonian, ethiopic, farsi, finnis
h, french, friulan, galician, german, ngerman, swissgerman, monogreek, greek, h
ungarian, icelandic, assamese, bengali, gujarati, hindi, kannada, malayalam, ma
rathi, oriya, panjabi, tamil, telugu, indonesian, interlingua, irish, italian, 
kurmanji, latin, latvian, lithuanian, mongolian, mongolianlmc, bokmal, nynorsk,
 polish, portuguese, romanian, romansh, russian, sanskrit, serbian, serbianc, s
lovak, slovenian, spanish, swedish, turkish, turkmen, ukrainian, uppersorbian, 
welsh, loaded.
(./krantz.cls
Document Class: krantz 2005/09/16 v1.4f Standard LaTeX document class
(/usr/local/texlive/2012/texmf-dist/tex/latex/base/bk10.clo
File: bk10.clo 2007/10/19 v1.4h Standard LaTeX file (size option)
)
\trimheight=\dimen102
\trimwidth=\dimen103
\normaltextheight=\dimen104
\tempa=\dimen105
\tempdimen=\dimen106
\htrim=\dimen107
\vtrimtop=\dimen108
\vtrimbot=\dimen109
\ul@box=\box26
\ur@box=\box27
\ll@box=\box28
\lr@box=\box29
\@cipboxa=\box30
\@cipboxb=\box31
\@ciprulewidth=\dimen110
\c@part=\count79
\c@chapter=\count80
\c@section=\count81
\c@subsection=\count82
\c@subsubsection=\count83
\c@paragraph=\count84
\c@subparagraph=\count85
\@chaptoc=\write3
\c@figure=\count86
\c@table=\count87
\abovecaptionskip=\skip41
\belowcaptionskip=\skip42
\c@numauthors=\count88
\section@toc@skip=\skip43
\SectionTOCWidth=\skip44
\subsection@toc@skip=\skip45
\SubSectionTOCWidth=\skip46
\subsubsection@toc@skip=\skip47
\SubSubSectionTOCWidth=\skip48
\paragraph@toc@skip=\skip49
\ParagraphTOCWidth=\skip50
\subparagraph@toc@skip=\skip51
\@AUonebox=\box32
\@AUtwobox=\box33
\@AUthreebox=\box34
\@AUfourbox=\box35
\@AUaffonebox=\box36
\@AUafftwobox=\box37
\@AUaffthreebox=\box38
\@AUafffourbox=\box39
\@finalAUboxfromone=\box40
\@finalAUboxfromtwo=\box41
\@finalAUboxfromthree=\box42
\@finalAUboxfromfour=\box43
\c@chaptocdepth=\count89
\bibindent=\dimen111
\tempbox=\box44
\nomenwidth=\dimen112
\@tablebox=\box45
\@tabletitlebox=\box46
\@tablewidth=\dimen113
\@tabletitlewidth=\dimen114
\max@tablewidth=\dimen115
\tempbox=\box47
\tempdimen=\dimen116
\tempbox=\box48
\notewidth=\dimen117
\wherebox=\box49
\wherewidth=\dimen118
\listtextleftmargin=\skip52
\listtextleftmarginii=\skip53
\listtextleftmarginiii=\skip54
\listtextrightmargin=\skip55
\listlabelleftskip=\skip56
\listlabelleftskipii=\skip57
\listlabelleftskipiii=\skip58
\abovelistskipi=\skip59
\belowlistskipi=\skip60
\abovelistskipii=\skip61
\belowlistskipii=\skip62
\abovelistskipiii=\skip63
\belowlistskipiii=\skip64
\labelsepi=\skip65
\labelsepii=\skip66
\labelsepiii=\skip67
\itemsepi=\skip68
\itemsepii=\skip69
\itemsepiii=\skip70
\enumdimwd=\dimen119
\enumdim=\dimen120
\concolwidth=\dimen121
\stempbox=\box50
)
(/usr/local/texlive/2012/texmf-dist/tex/latex/amsfonts/amssymb.sty
Package: amssymb 2009/06/22 v3.00

(/usr/local/texlive/2012/texmf-dist/tex/latex/amsfonts/amsfonts.sty
Package: amsfonts 2009/06/22 v3.00 Basic AMSFonts support
\@emptytoks=\toks14
\symAMSa=\mathgroup4
\symAMSb=\mathgroup5
LaTeX Font Info:    Overwriting math alphabet `\mathfrak' in version `bold'
(Font)                  U/euf/m/n --> U/euf/b/n on input line 96.
))
(/usr/local/texlive/2012/texmf-dist/tex/latex/amsmath/amsmath.sty
Package: amsmath 2000/07/18 v2.13 AMS math features
\@mathmargin=\skip71

For additional information on amsmath, use the `?' option.
(/usr/local/texlive/2012/texmf-dist/tex/latex/amsmath/amstext.sty
Package: amstext 2000/06/29 v2.01

(/usr/local/texlive/2012/texmf-dist/tex/latex/amsmath/amsgen.sty
File: amsgen.sty 1999/11/30 v2.0
\@emptytoks=\toks15
\ex@=\dimen122
))
(/usr/local/texlive/2012/texmf-dist/tex/latex/amsmath/amsbsy.sty
Package: amsbsy 1999/11/29 v1.2d
\pmbraise@=\dimen123
)
(/usr/local/texlive/2012/texmf-dist/tex/latex/amsmath/amsopn.sty
Package: amsopn 1999/12/14 v2.01 operator names
)
\inf@bad=\count90
LaTeX Info: Redefining \frac on input line 211.
\uproot@=\count91
\leftroot@=\count92
LaTeX Info: Redefining \overline on input line 307.
\classnum@=\count93
\DOTSCASE@=\count94
LaTeX Info: Redefining \ldots on input line 379.
LaTeX Info: Redefining \dots on input line 382.
LaTeX Info: Redefining \cdots on input line 467.
\Mathstrutbox@=\box51
\strutbox@=\box52
\big@size=\dimen124
LaTeX Font Info:    Redeclaring font encoding OML on input line 567.
LaTeX Font Info:    Redeclaring font encoding OMS on input line 568.
\macc@depth=\count95
\c@MaxMatrixCols=\count96
\dotsspace@=\muskip10
\c@parentequation=\count97
\dspbrk@lvl=\count98
\tag@help=\toks16
\row@=\count99
\column@=\count100
\maxfields@=\count101
\andhelp@=\toks17
\eqnshift@=\dimen125
\alignsep@=\dimen126
\tagshift@=\dimen127
\tagwidth@=\dimen128
\totwidth@=\dimen129
\lineht@=\dimen130
\@envbody=\toks18
\multlinegap=\skip72
\multlinetaggap=\skip73
\mathdisplay@stack=\toks19
LaTeX Info: Redefining \[ on input line 2666.
LaTeX Info: Redefining \] on input line 2667.
)
(/usr/local/texlive/2012/texmf-dist/tex/latex/graphics/graphicx.sty
Package: graphicx 1999/02/16 v1.0f Enhanced LaTeX Graphics (DPC,SPQR)

(/usr/local/texlive/2012/texmf-dist/tex/latex/graphics/keyval.sty
Package: keyval 1999/03/16 v1.13 key=value parser (DPC)
\KV@toks@=\toks20
)
(/usr/local/texlive/2012/texmf-dist/tex/latex/graphics/graphics.sty
Package: graphics 2009/02/05 v1.0o Standard LaTeX Graphics (DPC,SPQR)

(/usr/local/texlive/2012/texmf-dist/tex/latex/graphics/trig.sty
Package: trig 1999/03/16 v1.09 sin cos tan (DPC)
)
(/usr/local/texlive/2012/texmf-dist/tex/latex/latexconfig/graphics.cfg
File: graphics.cfg 2010/04/23 v1.9 graphics configuration of TeX Live
)
Package graphics Info: Driver file: pdftex.def on input line 91.

(/usr/local/texlive/2012/texmf-dist/tex/latex/pdftex-def/pdftex.def
File: pdftex.def 2011/05/27 v0.06d Graphics/color for pdfTeX

(/usr/local/texlive/2012/texmf-dist/tex/generic/oberdiek/infwarerr.sty
Package: infwarerr 2010/04/08 v1.3 Providing info/warning/error messages (HO)
)
(/usr/local/texlive/2012/texmf-dist/tex/generic/oberdiek/ltxcmds.sty
Package: ltxcmds 2011/11/09 v1.22 LaTeX kernel commands for general use (HO)
)
\Gread@gobject=\count102
))
\Gin@req@height=\dimen131
\Gin@req@width=\dimen132
)
(./subfigure.sty
Package: subfigure 1995/03/06 v2.0 subfigure package

Package: subfigure 1995/03/06 v2.0
\c@subfigure=\count103
\c@lofdepth=\count104
\c@subtable=\count105
\c@lotdepth=\count106
) (/usr/local/texlive/2012/texmf-dist/tex/latex/base/makeidx.sty
Package: makeidx 2000/03/29 v1.0m Standard LaTeX package
)
(/usr/local/texlive/2012/texmf-dist/tex/latex/tools/multicol.sty
Package: multicol 2011/06/27 v1.7a multicolumn formatting (FMi)
\c@tracingmulticols=\count107
\mult@box=\box53
\multicol@leftmargin=\dimen133
\c@unbalance=\count108
\c@collectmore=\count109
\doublecol@number=\count110
\multicoltolerance=\count111
\multicolpretolerance=\count112
\full@width=\dimen134
\page@free=\dimen135
\premulticols=\dimen136
\postmulticols=\dimen137
\multicolsep=\skip74
\multicolbaselineskip=\skip75
\partial@page=\box54
\last@line=\box55
\mult@rightbox=\box56
\mult@grightbox=\box57
\mult@gfirstbox=\box58
\mult@firstbox=\box59
\@tempa=\box60
\@tempa=\box61
\@tempa=\box62
\@tempa=\box63
\@tempa=\box64
\@tempa=\box65
\@tempa=\box66
\@tempa=\box67
\@tempa=\box68
\@tempa=\box69
\@tempa=\box70
\@tempa=\box71
\@tempa=\box72
\@tempa=\box73
\@tempa=\box74
\@tempa=\box75
\@tempa=\box76
\c@columnbadness=\count113
\c@finalcolumnbadness=\count114
\last@try=\dimen138
\multicolovershoot=\dimen139
\multicolundershoot=\dimen140
\mult@nat@firstbox=\box77
\colbreak@box=\box78
\multicol@sort@counter=\count115
)
\@input{Chapters/chapter1/preamble.aux}
\openout2 = `Chapters/chapter1/preamble.aux'.

(./Chapters/chapter1/preamble.tex
\c@theorem=\count116
\c@exercise=\count117
\c@example=\count118
\c@definition=\count119
)
\c@proof=\count120
\@indexfile=\write4
\openout4 = `Krantz_style.idx'.


Writing index file Krantz_style.idx
(./Krantz_style.aux (./frontmatter/Foreword.aux) (./frontmatter/preface.aux)
(./frontmatter/contributor.aux) (./Chapters/symbollist.aux)
(./Chapters/chapter1/ch1.aux

LaTeX Warning: Label `sec:inference' multiply defined.

))
\openout1 = `Krantz_style.aux'.

LaTeX Font Info:    Checking defaults for OML/cmm/m/it on input line 22.
LaTeX Font Info:    ... okay on input line 22.
LaTeX Font Info:    Checking defaults for T1/cmr/m/n on input line 22.
LaTeX Font Info:    ... okay on input line 22.
LaTeX Font Info:    Checking defaults for OT1/cmr/m/n on input line 22.
LaTeX Font Info:    ... okay on input line 22.
LaTeX Font Info:    Checking defaults for OMS/cmsy/m/n on input line 22.
LaTeX Font Info:    ... okay on input line 22.
LaTeX Font Info:    Checking defaults for OMX/cmex/m/n on input line 22.
LaTeX Font Info:    ... okay on input line 22.
LaTeX Font Info:    Checking defaults for U/cmr/m/n on input line 22.
LaTeX Font Info:    ... okay on input line 22.
LaTeX Font Info:    Try loading font information for OMS+cmr on input line 22.
 (/usr/local/texlive/2012/texmf-dist/tex/latex/base/omscmr.fd
File: omscmr.fd 1999/05/25 v2.5h Standard LaTeX font definitions
)
LaTeX Font Info:    Font shape `OMS/cmr/m/n' in size <6> not available
(Font)              Font shape `OMS/cmsy/m/n' tried instead on input line 22.

(/usr/local/texlive/2012/texmf-dist/tex/context/base/supp-pdf.mkii
[Loading MPS to PDF converter (version 2006.09.02).]
\scratchcounter=\count121
\scratchdimen=\dimen141
\scratchbox=\box79
\nofMPsegments=\count122
\nofMParguments=\count123
\everyMPshowfont=\toks21
\MPscratchCnt=\count124
\MPscratchDim=\dimen142
\MPnumerator=\count125
\makeMPintoPDFobject=\count126
\everyMPtoPDFconversion=\toks22
) (/usr/local/texlive/2012/texmf-dist/tex/generic/oberdiek/pdftexcmds.sty
Package: pdftexcmds 2011/11/29 v0.20 Utility functions of pdfTeX for LuaTeX (HO
)

(/usr/local/texlive/2012/texmf-dist/tex/generic/oberdiek/ifluatex.sty
Package: ifluatex 2010/03/01 v1.3 Provides the ifluatex switch (HO)
Package ifluatex Info: LuaTeX not detected.
)
(/usr/local/texlive/2012/texmf-dist/tex/generic/oberdiek/ifpdf.sty
Package: ifpdf 2011/01/30 v2.3 Provides the ifpdf switch (HO)
Package ifpdf Info: pdfTeX in PDF mode is detected.
)
Package pdftexcmds Info: LuaTeX not detected.
Package pdftexcmds Info: \pdf@primitive is available.
Package pdftexcmds Info: \pdf@ifprimitive is available.
Package pdftexcmds Info: \pdfdraftmode found.
)
(/usr/local/texlive/2012/texmf-dist/tex/latex/oberdiek/epstopdf-base.sty
Package: epstopdf-base 2010/02/09 v2.5 Base part for package epstopdf

(/usr/local/texlive/2012/texmf-dist/tex/latex/oberdiek/grfext.sty
Package: grfext 2010/08/19 v1.1 Manage graphics extensions (HO)

(/usr/local/texlive/2012/texmf-dist/tex/generic/oberdiek/kvdefinekeys.sty
Package: kvdefinekeys 2011/04/07 v1.3 Define keys (HO)
))
(/usr/local/texlive/2012/texmf-dist/tex/latex/oberdiek/kvoptions.sty
Package: kvoptions 2011/06/30 v3.11 Key value format for package options (HO)

(/usr/local/texlive/2012/texmf-dist/tex/generic/oberdiek/kvsetkeys.sty
Package: kvsetkeys 2012/04/25 v1.16 Key value parser (HO)

(/usr/local/texlive/2012/texmf-dist/tex/generic/oberdiek/etexcmds.sty
Package: etexcmds 2011/02/16 v1.5 Avoid name clashes with e-TeX commands (HO)
Package etexcmds Info: Could not find \expanded.
(etexcmds)             That can mean that you are not using pdfTeX 1.50 or
(etexcmds)             that some package has redefined \expanded.
(etexcmds)             In the latter case, load this package earlier.
)))
Package grfext Info: Graphics extension search list:
(grfext)             [.png,.pdf,.jpg,.mps,.jpeg,.jbig2,.jb2,.PNG,.PDF,.JPG,.JPE
G,.JBIG2,.JB2,.eps]
(grfext)             \AppendGraphicsExtensions on input line 452.

(/usr/local/texlive/2012/texmf-dist/tex/latex/latexconfig/epstopdf-sys.cfg
File: epstopdf-sys.cfg 2010/07/13 v1.3 Configuration of (r)epstopdf for TeX Liv
e
))

LaTeX Font Warning: Font shape `OT1/cmr/m/sl' in size <24> not available
(Font)              size <24.88> substituted on input line 28.


LaTeX Font Warning: Font shape `OT1/cmr/bx/sl' in size <24> not available
(Font)              size <24.88> substituted on input line 28.


Underfull \vbox (badness 10000) has occurred while \output is active []


Overfull \hbox (336.25pt too wide) has occurred while \output is active
[]
 []


Underfull \vbox (badness 10000) has occurred while \output is active []


Overfull \hbox (336.25pt too wide) has occurred while \output is active
[]
 []


Underfull \vbox (badness 10000) has occurred while \output is active []


Overfull \hbox (336.25pt too wide) has occurred while \output is active
[]
 []


Underfull \vbox (badness 10000) has occurred while \output is active []


Overfull \hbox (336.25pt too wide) has occurred while \output is active
[]
 []


Underfull \hbox (badness 10000) has occurred while \output is active
 [][][][] 
 []

[1




{/usr/local/texlive/2012/texmf-var/fonts/map/pdftex/updmap/pdftex.map}]
[2

]
\openout2 = `frontmatter/Foreword.aux'.

 (./frontmatter/Foreword.tex
Underfull \vbox (badness 10000) detected at line 1
 []


Overfull \hbox (336.25pt too wide) detected at line 1
[]
 []


Underfull \vbox (badness 10000) detected at line 1
 []


Overfull \hbox (336.25pt too wide) detected at line 1
[]
 []


Underfull \vbox (badness 10000) detected at line 1
 []


Overfull \hbox (336.25pt too wide) detected at line 1
[]
 []


Underfull \vbox (badness 10000) detected at line 1
 []


Overfull \hbox (336.25pt too wide) detected at line 1
[]
 []


Underfull \hbox (badness 10000) detected at line 1
[]
 []


LaTeX Font Warning: Font shape `OT1/cmr/m/sl' in size <18> not available
(Font)              size <17.28> substituted on input line 1.


LaTeX Font Warning: Font shape `OT1/cmr/bx/sl' in size <18> not available
(Font)              size <17.28> substituted on input line 1.


Underfull \hbox (badness 10000) has occurred while \output is active
 [][][][] 
 []

[1



])
\openout2 = `frontmatter/preface.aux'.

 (./frontmatter/preface.tex
Underfull \vbox (badness 10000) has occurred while \output is active []


Overfull \hbox (336.25pt too wide) has occurred while \output is active
[]
 []


Underfull \vbox (badness 10000) has occurred while \output is active []


Overfull \hbox (336.25pt too wide) has occurred while \output is active
[]
 []


Underfull \vbox (badness 10000) has occurred while \output is active []


Overfull \hbox (336.25pt too wide) has occurred while \output is active
[]
 []


Underfull \vbox (badness 10000) has occurred while \output is active []


Overfull \hbox (336.25pt too wide) has occurred while \output is active
[]
 []


Underfull \hbox (badness 10000) has occurred while \output is active
 [][][][] 
 []

[2



]
Underfull \vbox (badness 10000) detected at line 1
 []


Overfull \hbox (336.25pt too wide) detected at line 1
[]
 []


Underfull \vbox (badness 10000) detected at line 1
 []


Overfull \hbox (336.25pt too wide) detected at line 1
[]
 []


Underfull \vbox (badness 10000) detected at line 1
 []


Overfull \hbox (336.25pt too wide) detected at line 1
[]
 []


Underfull \vbox (badness 10000) detected at line 1
 []


Overfull \hbox (336.25pt too wide) detected at line 1
[]
 []


Underfull \hbox (badness 10000) detected at line 1
[]
 []


Underfull \hbox (badness 10000) has occurred while \output is active
 [][][][] 
 []

[3

]) [4]
\openout2 = `frontmatter/contributor.aux'.

 (./frontmatter/contributor.tex
Underfull \vbox (badness 10000) detected at line 2
 []


Overfull \hbox (336.25pt too wide) detected at line 2
[]
 []


Underfull \vbox (badness 10000) detected at line 2
 []


Overfull \hbox (336.25pt too wide) detected at line 2
[]
 []


Underfull \vbox (badness 10000) detected at line 2
 []


Overfull \hbox (336.25pt too wide) detected at line 2
[]
 []


Underfull \vbox (badness 10000) detected at line 2
 []


Overfull \hbox (336.25pt too wide) detected at line 2
[]
 []


Underfull \hbox (badness 10000) detected at line 2
[]
 []


Underfull \hbox (badness 10000) has occurred while \output is active
 [][][][] 
 []

[5




] [6] [7]) [8]
Underfull \vbox (badness 10000) detected at line 35
 []


Overfull \hbox (336.25pt too wide) detected at line 35
[]
 []


Underfull \vbox (badness 10000) detected at line 35
 []


Overfull \hbox (336.25pt too wide) detected at line 35
[]
 []


Underfull \vbox (badness 10000) detected at line 35
 []


Overfull \hbox (336.25pt too wide) detected at line 35
[]
 []


Underfull \vbox (badness 10000) detected at line 35
 []


Overfull \hbox (336.25pt too wide) detected at line 35
[]
 []


Underfull \hbox (badness 10000) detected at line 35
[]
 []

(./Krantz_style.lof
LaTeX Font Info:    Try loading font information for U+msa on input line 2.

(/usr/local/texlive/2012/texmf-dist/tex/latex/amsfonts/umsa.fd
File: umsa.fd 2009/06/22 v3.00 AMS symbols A
)
LaTeX Font Info:    Try loading font information for U+msb on input line 2.

(/usr/local/texlive/2012/texmf-dist/tex/latex/amsfonts/umsb.fd
File: umsb.fd 2009/06/22 v3.00 AMS symbols B
))
\tf@lof=\write5
\openout5 = `Krantz_style.lof'.


Underfull \hbox (badness 10000) has occurred while \output is active
 [][][][] 
 []

[9



] [10

]
Underfull \vbox (badness 10000) detected at line 36
 []


Overfull \hbox (336.25pt too wide) detected at line 36
[]
 []


Underfull \vbox (badness 10000) detected at line 36
 []


Overfull \hbox (336.25pt too wide) detected at line 36
[]
 []


Underfull \vbox (badness 10000) detected at line 36
 []


Overfull \hbox (336.25pt too wide) detected at line 36
[]
 []


Underfull \vbox (badness 10000) detected at line 36
 []


Overfull \hbox (336.25pt too wide) detected at line 36
[]
 []


Underfull \hbox (badness 10000) detected at line 36
[]
 []

(./Krantz_style.lot)
\tf@lot=\write6
\openout6 = `Krantz_style.lot'.


Underfull \hbox (badness 10000) has occurred while \output is active
 [][][][] 
 []

[11

] [12

]
Underfull \vbox (badness 10000) detected at line 37
 []


Overfull \hbox (336.25pt too wide) detected at line 37
[]
 []


Underfull \vbox (badness 10000) detected at line 37
 []


Overfull \hbox (336.25pt too wide) detected at line 37
[]
 []


Underfull \vbox (badness 10000) detected at line 37
 []


Overfull \hbox (336.25pt too wide) detected at line 37
[]
 []


Underfull \vbox (badness 10000) detected at line 37
 []


Overfull \hbox (336.25pt too wide) detected at line 37
[]
 []


Underfull \hbox (badness 10000) detected at line 37
[]
 []

(./Krantz_style.toc)
\tf@toc=\write7
\openout7 = `Krantz_style.toc'.


Underfull \hbox (badness 10000) has occurred while \output is active
 [][][][] 
 []

[13

] [14

]
\openout2 = `Chapters/symbollist.aux'.

 (./Chapters/symbollist.tex
Underfull \hbox (badness 10000) in paragraph at lines 4--4
\OT1/cmr/m/n/10 gram-ming, in-te-ger lin-ear
 []


Underfull \hbox (badness 10000) in paragraph at lines 4--4
\OT1/cmr/m/n/10 gram-ming, branch and
 []


Underfull \hbox (badness 10000) in paragraph at lines 9--9
[]\OT1/cmr/m/n/10 maintenance schedul-ing.
 []

)
Underfull \vbox (badness 10000) has occurred while \output is active []


Overfull \hbox (336.25pt too wide) has occurred while \output is active
[]
 []


Underfull \vbox (badness 10000) has occurred while \output is active []


Overfull \hbox (336.25pt too wide) has occurred while \output is active
[]
 []


Underfull \vbox (badness 10000) has occurred while \output is active []


Overfull \hbox (336.25pt too wide) has occurred while \output is active
[]
 []


Underfull \vbox (badness 10000) has occurred while \output is active []


Overfull \hbox (336.25pt too wide) has occurred while \output is active
[]
 []


Underfull \hbox (badness 10000) has occurred while \output is active
 [][][][] 
 []

[1

]
Underfull \vbox (badness 10000) detected at line 44
 []


Overfull \hbox (336.25pt too wide) detected at line 44
[]
 []


Underfull \vbox (badness 10000) detected at line 44
 []


Overfull \hbox (336.25pt too wide) detected at line 44
[]
 []


Underfull \vbox (badness 10000) detected at line 44
 []


Overfull \hbox (336.25pt too wide) detected at line 44
[]
 []


Underfull \vbox (badness 10000) detected at line 44
 []


Overfull \hbox (336.25pt too wide) detected at line 44
[]
 []


Underfull \hbox (badness 10000) has occurred while \output is active
 [][][][] 
 []

[1


]
Underfull \vbox (badness 10000) has occurred while \output is active []


Overfull \hbox (336.25pt too wide) has occurred while \output is active
[]
 []


Underfull \vbox (badness 10000) has occurred while \output is active []


Overfull \hbox (336.25pt too wide) has occurred while \output is active
[]
 []


Underfull \vbox (badness 10000) has occurred while \output is active []


Overfull \hbox (336.25pt too wide) has occurred while \output is active
[]
 []


Underfull \vbox (badness 10000) has occurred while \output is active []


Overfull \hbox (336.25pt too wide) has occurred while \output is active
[]
 []


Underfull \hbox (badness 10000) has occurred while \output is active
 [][][][] 
 []

[2]
\openout2 = `Chapters/chapter1/ch1.aux'.

 (./Chapters/chapter1/ch1.tex
Underfull \vbox (badness 10000) detected at line 7
 []


Overfull \hbox (336.25pt too wide) detected at line 7
[]
 []


Underfull \vbox (badness 10000) detected at line 7
 []


Overfull \hbox (336.25pt too wide) detected at line 7
[]
 []


Underfull \vbox (badness 10000) detected at line 7
 []


Overfull \hbox (336.25pt too wide) detected at line 7
[]
 []


Underfull \vbox (badness 10000) detected at line 7
 []


Overfull \hbox (336.25pt too wide) detected at line 7
[]
 []

Chapter 1.

LaTeX Font Warning: Font shape `OT1/cmr/bx/n' in size <24> not available
(Font)              size <24.88> substituted on input line 7.


LaTeX Font Warning: Font shape `OT1/cmr/m/n' in size <24> not available
(Font)              size <24.88> substituted on input line 7.

(./1.toc

LaTeX Font Warning: Font shape `OT1/cmr/m/n' in size <9.5> not available
(Font)              size <9> substituted on input line 1.

LaTeX Font Info:    Calculating math sizes for size <9.5> on input line 1.

LaTeX Font Warning: Font shape `OML/cmm/m/it' in size <9.5> not available
(Font)              size <9> substituted on input line 1.


LaTeX Font Warning: Font shape `OMS/cmsy/m/n' in size <9.5> not available
(Font)              size <9> substituted on input line 1.

)
\openout3 = `1.toc'.

 (./Chapters/chapter1/introduction.tex
Underfull \hbox (badness 10000) has occurred while \output is active
 [][][][] 
 []

[3



] [4]) (./Chapters/chapter1/HSLDA.tex
Underfull \vbox (badness 10000) has occurred while \output is active []

 [5]
<Chapters/chapter1/Graphical_Model-final.pdf, id=91, 819.06pt x 457.71pt>
File: Chapters/chapter1/Graphical_Model-final.pdf Graphic file (type pdf)

<use Chapters/chapter1/Graphical_Model-final.pdf>
Package pdftex.def Info: Chapters/chapter1/Graphical_Model-final.pdf used on in
put line 35.
(pdftex.def)             Requested size: 327.6182pt x 183.08075pt.

Underfull \hbox (badness 1178) in paragraph at lines 35--35
[]\OT1/cmr/m/n/10 Hierarchically su-per-vised la-tent Dirich-let al-lo-ca-tion 
(HSLDA) graph-i-cal
 []


Underfull \vbox (badness 6001) has occurred while \output is active []

 [6]
Underfull \hbox (badness 10000) detected at line 76
 [][]
 []


Underfull \hbox (badness 10000) detected at line 76
[]
 []

LaTeX Font Info:    Font shape `OMS/cmr/m/n' in size <10> not available
(Font)              Font shape `OMS/cmsy/m/n' tried instead on input line 79.

Underfull \hbox (badness 10000) detected at line 82
 [][]
 []


Underfull \hbox (badness 10000) detected at line 82
[]
 []


Underfull \hbox (badness 10000) detected at line 87
 [][]
 []


Underfull \hbox (badness 10000) detected at line 87
[]
 []


Underfull \hbox (badness 10000) detected at line 88
 [][]
 []


Underfull \hbox (badness 10000) detected at line 88
[]
 []


Overfull \hbox (1.0pt too wide) in paragraph at lines 116--116
| [] 
 []


Underfull \vbox (badness 10000) has occurred while \output is active []

 [7 <./Chapters/chapter1/Graphical_Model-final.pdf>] [8
Non-PDF special ignored!
Non-PDF special ignored!
Non-PDF special ignored!
Non-PDF special ignored!] [9]) (./Chapters/chapter1/intuition.tex)
(./Chapters/chapter1/inference.tex [10]
Overfull \hbox (2.72964pt too wide) in alignment at lines 66--68
 [][][] []
 []

[11]
Underfull \hbox (badness 10000) in paragraph at lines 156--164

 []

) (./Chapters/chapter1/example_applications.tex
Underfull \vbox (badness 5637) has occurred while \output is active []

 [12]
<Chapters/chapter1/figures/hi_quality_ICD9_tree_cropped.pdf, id=135, 591.8182pt
 x 557.98103pt>
File: Chapters/chapter1/figures/hi_quality_ICD9_tree_cropped.pdf Graphic file (
type pdf)

<use Chapters/chapter1/figures/hi_quality_ICD9_tree_cropped.pdf>
Package pdftex.def Info: Chapters/chapter1/figures/hi_quality_ICD9_tree_cropped
.pdf used on input line 61.
(pdftex.def)             Requested size: 236.72308pt x 223.18845pt.
 [13]
Underfull \vbox (badness 10000) has occurred while \output is active []

 [14 <./Chapters/chapter1/figures/hi_quality_ICD9_tree_cropped.pdf>]
<Chapters/chapter1/figures/hi_quality_product_tree_cropped.pdf, id=154, 545.861
11pt x 330.21877pt>
File: Chapters/chapter1/figures/hi_quality_product_tree_cropped.pdf Graphic fil
e (type pdf)

<use Chapters/chapter1/figures/hi_quality_product_tree_cropped.pdf>
Package pdftex.def Info: Chapters/chapter1/figures/hi_quality_product_tree_crop
ped.pdf used on input line 122.
(pdftex.def)             Requested size: 218.34058pt x 132.08516pt.
 [15 <./Chapters/chapter1/figures/hi_quality_product_tree_cropped.pdf>]
<Chapters/chapter1/figs/clin_pred_varying_mu.pdf, id=167, 578.16pt x 433.62pt>
File: Chapters/chapter1/figs/clin_pred_varying_mu.pdf Graphic file (type pdf)

<use Chapters/chapter1/figs/clin_pred_varying_mu.pdf>
Package pdftex.def Info: Chapters/chapter1/figs/clin_pred_varying_mu.pdf used o
n input line 199.
(pdftex.def)             Requested size: 161.51855pt x 121.13487pt.

<Chapters/chapter1/figs/amazon_pred_varying_mu.pdf, id=168, 578.16pt x 433.62pt
>
File: Chapters/chapter1/figs/amazon_pred_varying_mu.pdf Graphic file (type pdf)

 <use Chapters/chapter1/figs/amazon_pred_varying_mu.pdf>
Package pdftex.def Info: Chapters/chapter1/figs/amazon_pred_varying_mu.pdf used
 on input line 201.
(pdftex.def)             Requested size: 161.51855pt x 121.13487pt.


LaTeX Warning: `h' float specifier changed to `ht'.


Underfull \vbox (badness 10000) has occurred while \output is active []

 [16]
[17 <./Chapters/chapter1/figs/clin_pred_varying_mu.pdf> <./Chapters/chapter1/fi
gs/amazon_pred_varying_mu.pdf>]
<Chapters/chapter1/figs/ROC_comparison_leafs.pdf, id=202, 578.16pt x 433.62pt>
File: Chapters/chapter1/figs/ROC_comparison_leafs.pdf Graphic file (type pdf)

<use Chapters/chapter1/figs/ROC_comparison_leafs.pdf>
Package pdftex.def Info: Chapters/chapter1/figs/ROC_comparison_leafs.pdf used o
n input line 277.
(pdftex.def)             Requested size: 231.2599pt x 173.44492pt.
 [18] [19 <./Chapters/chapter1/figs/ROC_comparison_leafs.pdf>]) (./Chapters/cha
pter1/discussion.tex
Underfull \vbox (badness 10000) has occurred while \output is active []

 [20]
[21]) (./Chapters/chapter1/probit.tex [22] [23])) [24] (./Krantz_style.bbl
Underfull \vbox (badness 10000) detected at line 1
 []


Overfull \hbox (336.25pt too wide) detected at line 1
[]
 []


Underfull \vbox (badness 10000) detected at line 1
 []


Overfull \hbox (336.25pt too wide) detected at line 1
[]
 []


Underfull \vbox (badness 10000) detected at line 1
 []


Overfull \hbox (336.25pt too wide) detected at line 1
[]
 []


Underfull \vbox (badness 10000) detected at line 1
 []


Overfull \hbox (336.25pt too wide) detected at line 1
[]
 []


Underfull \hbox (badness 10000) detected at line 1
[]
 []


Underfull \hbox (badness 10000) in paragraph at lines 12--15
[]\OT1/cmr/m/n/10 The com-pu-ta-tional medicine cen-ter's 2007 med-
 []


Underfull \hbox (badness 10000) in paragraph at lines 12--15
\OT1/cmr/m/n/10 i-cal nat-u-ral lan-guage pro-cess-ing chal-lenge.
 []


Underfull \hbox (badness 10000) has occurred while \output is active
 [][][][] 
 []

[25



] [26]) [27] (./Krantz_style.ind [28


]
Underfull \hbox (badness 10000) detected at line 1
[]
 []


Underfull \hbox (badness 10000) has occurred while \output is active
 [][][][] 
 []

[29


]) (./Krantz_style.aux (./frontmatter/Foreword.aux)
(./frontmatter/preface.aux) (./frontmatter/contributor.aux)
(./Chapters/symbollist.aux) (./Chapters/chapter1/ch1.aux))

LaTeX Font Warning: Size substitutions with differences
(Font)              up to 0.88pt have occurred.


LaTeX Warning: There were multiply-defined labels.

 ) 
Here is how much of TeX's memory you used:
 3247 strings out of 493488
 44792 string characters out of 3141326
 114149 words of memory out of 3000000
 6412 multiletter control sequences out of 15000+200000
 18415 words of font info for 69 fonts, out of 3000000 for 9000
 957 hyphenation exceptions out of 8191
 37i,18n,24p,1929b,388s stack positions out of 5000i,500n,10000p,200000b,50000s
</usr/local/texlive/2012/texmf-dist/fonts/type1/public/amsfonts/cm/cmbx10.pfb
></usr/local/texlive/2012/texmf-dist/fonts/type1/public/amsfonts/cm/cmbx12.pfb>
</usr/local/texlive/2012/texmf-dist/fonts/type1/public/amsfonts/cm/cmbx7.pfb></
usr/local/texlive/2012/texmf-dist/fonts/type1/public/amsfonts/cm/cmbxsl10.pfb><
/usr/local/texlive/2012/texmf-dist/fonts/type1/public/amsfonts/cm/cmex10.pfb></
usr/local/texlive/2012/texmf-dist/fonts/type1/public/amsfonts/cmextra/cmex7.pfb
></usr/local/texlive/2012/texmf-dist/fonts/type1/public/amsfonts/cm/cmmi10.pfb>
</usr/local/texlive/2012/texmf-dist/fonts/type1/public/amsfonts/cm/cmmi12.pfb><
/usr/local/texlive/2012/texmf-dist/fonts/type1/public/amsfonts/cm/cmmi5.pfb></u
sr/local/texlive/2012/texmf-dist/fonts/type1/public/amsfonts/cm/cmmi7.pfb></usr
/local/texlive/2012/texmf-dist/fonts/type1/public/amsfonts/cm/cmmi9.pfb></usr/l
ocal/texlive/2012/texmf-dist/fonts/type1/public/amsfonts/cm/cmmib10.pfb></usr/l
ocal/texlive/2012/texmf-dist/fonts/type1/public/amsfonts/cmextra/cmmib7.pfb></u
sr/local/texlive/2012/texmf-dist/fonts/type1/public/amsfonts/cm/cmr10.pfb></usr
/local/texlive/2012/texmf-dist/fonts/type1/public/amsfonts/cm/cmr17.pfb></usr/l
ocal/texlive/2012/texmf-dist/fonts/type1/public/amsfonts/cm/cmr5.pfb></usr/loca
l/texlive/2012/texmf-dist/fonts/type1/public/amsfonts/cm/cmr6.pfb></usr/local/t
exlive/2012/texmf-dist/fonts/type1/public/amsfonts/cm/cmr7.pfb></usr/local/texl
ive/2012/texmf-dist/fonts/type1/public/amsfonts/cm/cmr8.pfb></usr/local/texlive
/2012/texmf-dist/fonts/type1/public/amsfonts/cm/cmr9.pfb></usr/local/texlive/20
12/texmf-dist/fonts/type1/public/amsfonts/cm/cmsl12.pfb></usr/local/texlive/201
2/texmf-dist/fonts/type1/public/amsfonts/cm/cmsy10.pfb></usr/local/texlive/2012
/texmf-dist/fonts/type1/public/amsfonts/cm/cmsy5.pfb></usr/local/texlive/2012/t
exmf-dist/fonts/type1/public/amsfonts/cm/cmsy7.pfb></usr/local/texlive/2012/tex
mf-dist/fonts/type1/public/amsfonts/cm/cmti10.pfb></usr/local/texlive/2012/texm
f-dist/fonts/type1/public/amsfonts/cm/cmtt10.pfb></usr/local/texlive/2012/texmf
-dist/fonts/type1/public/amsfonts/symbols/msbm10.pfb></usr/local/texlive/2012/t
exmf-dist/fonts/type1/public/amsfonts/symbols/msbm7.pfb></usr/local/texlive/201
2/texmf-dist/fonts/type1/urw/ncntrsbk/uncr8a.pfb>
Output written on Krantz_style.pdf (46 pages, 570816 bytes).
PDF statistics:
 339 PDF objects out of 1000 (max. 8388607)
 243 compressed objects within 3 object streams
 0 named destinations out of 1000 (max. 500000)
 31 words of extra memory for PDF output out of 10000 (max. 10000000)

